Determining if the pthread_create exist failed with the following output:
Change Dir: /home/javier/ROS_catkin_ws/moveit_ws/build/moveit_tutorials/CMakeFiles/CMakeTmp

Run Build Command:"/usr/bin/make" "cmTC_a01de/fast"
/usr/bin/make -f CMakeFiles/cmTC_a01de.dir/build.make CMakeFiles/cmTC_a01de.dir/build
make[1]: se entra en el directorio '/home/javier/ROS_catkin_ws/moveit_ws/build/moveit_tutorials/CMakeFiles/CMakeTmp'
Building C object CMakeFiles/cmTC_a01de.dir/CheckSymbolExists.c.o
/usr/bin/cc    -o CMakeFiles/cmTC_a01de.dir/CheckSymbolExists.c.o   -c /home/javier/ROS_catkin_ws/moveit_ws/build/moveit_tutorials/CMakeFiles/CMakeTmp/CheckSymbolExists.c
Linking C executable cmTC_a01de
/usr/bin/cmake -E cmake_link_script CMakeFiles/cmTC_a01de.dir/link.txt --verbose=1
/usr/bin/cc      -rdynamic CMakeFiles/cmTC_a01de.dir/CheckSymbolExists.c.o  -o cmTC_a01de 
CMakeFiles/cmTC_a01de.dir/CheckSymbolExists.c.o: En la función `main':
CheckSymbolExists.c:(.text+0x1b): referencia a `pthread_create' sin definir
collect2: error: ld returned 1 exit status
CMakeFiles/cmTC_a01de.dir/build.make:97: fallo en las instrucciones para el objetivo 'cmTC_a01de'
make[1]: *** [cmTC_a01de] Error 1
make[1]: se sale del directorio '/home/javier/ROS_catkin_ws/moveit_ws/build/moveit_tutorials/CMakeFiles/CMakeTmp'
Makefile:126: fallo en las instrucciones para el objetivo 'cmTC_a01de/fast'
make: *** [cmTC_a01de/fast] Error 2

File /home/javier/ROS_catkin_ws/moveit_ws/build/moveit_tutorials/CMakeFiles/CMakeTmp/CheckSymbolExists.c:
/* */
#include <pthread.h>

int main(int argc, char** argv)
{
  (void)argv;
#ifndef pthread_create
  return ((int*)(&pthread_create))[argc];
#else
  (void)argc;
  return 0;
#endif
}

Determining if the function pthread_create exists in the pthreads failed with the following output:
Change Dir: /home/javier/ROS_catkin_ws/moveit_ws/build/moveit_tutorials/CMakeFiles/CMakeTmp

Run Build Command:"/usr/bin/make" "cmTC_b60a8/fast"
/usr/bin/make -f CMakeFiles/cmTC_b60a8.dir/build.make CMakeFiles/cmTC_b60a8.dir/build
make[1]: se entra en el directorio '/home/javier/ROS_catkin_ws/moveit_ws/build/moveit_tutorials/CMakeFiles/CMakeTmp'
Building C object CMakeFiles/cmTC_b60a8.dir/CheckFunctionExists.c.o
/usr/bin/cc   -DCHECK_FUNCTION_EXISTS=pthread_create   -o CMakeFiles/cmTC_b60a8.dir/CheckFunctionExists.c.o   -c /usr/share/cmake-3.10/Modules/CheckFunctionExists.c
Linking C executable cmTC_b60a8
/usr/bin/cmake -E cmake_link_script CMakeFiles/cmTC_b60a8.dir/link.txt --verbose=1
/usr/bin/cc  -DCHECK_FUNCTION_EXISTS=pthread_create    -rdynamic CMakeFiles/cmTC_b60a8.dir/CheckFunctionExists.c.o  -o cmTC_b60a8 -lpthreads 
/usr/bin/ld: no se puede encontrar -lpthreads
collect2: error: ld returned 1 exit status
CMakeFiles/cmTC_b60a8.dir/build.make:97: fallo en las instrucciones para el objetivo 'cmTC_b60a8'
make[1]: *** [cmTC_b60a8] Error 1
make[1]: se sale del directorio '/home/javier/ROS_catkin_ws/moveit_ws/build/moveit_tutorials/CMakeFiles/CMakeTmp'
Makefile:126: fallo en las instrucciones para el objetivo 'cmTC_b60a8/fast'
make: *** [cmTC_b60a8/fast] Error 2


